[2024-11-10 02:50:03] This is codeql execute queries -J-Xmx6894M --off-heap-ram=8579 --verbosity=progress --logdir=/Users/tarasmankovski/Repositories/guidanti/thefrontside_effection/log --evaluator-log-level=5 --warnings=show --dynamic-join-order-mode=none --qlconfig-file=/Users/tarasmankovski/Repositories/guidanti/qlconfig.yml --no-rerun --interpret-passthrough=null,--format=sarifv2.1.0,-o=/Users/tarasmankovski/Repositories/guidanti/effection.sarifv2.1.0,--max-paths=4,--csv-location-format=line-column,--print-diagnostics-summary,--print-metrics-summary,--qlconfig-file=/Users/tarasmankovski/Repositories/guidanti/qlconfig.yml,--,/Users/tarasmankovski/Repositories/guidanti/thefrontside_effection --output=/Users/tarasmankovski/Repositories/guidanti/thefrontside_effection/results -- /Users/tarasmankovski/Repositories/guidanti/thefrontside_effection/db-javascript codeql/javascript-queries
[2024-11-10 02:50:03] Calling plumbing command: codeql resolve queries --qlconfig-file=/Users/tarasmankovski/Repositories/guidanti/qlconfig.yml --format=json -- codeql/javascript-queries
[2024-11-10 02:50:03] Exception caught at top level: Query pack codeql/javascript-queries cannot be found. Check the spelling of the pack.
                      com.semmle.cli2.resolve.ResolveQueriesCommand.resolveQuerySpecifier(ResolveQueriesCommand.java:298)
                      com.semmle.cli2.resolve.ResolveQueriesCommand.executeJSON(ResolveQueriesCommand.java:211)
                      com.semmle.cli2.resolve.ResolveQueriesCommand.executeJSON(ResolveQueriesCommand.java:68)
                      com.semmle.cli2.picocli.SimpleJsonSubcommand.executeInsistingOnJSONWithExistingMessages(SimpleJsonSubcommand.java:121)
                      com.semmle.cli2.picocli.SubcommandCommon.withCompilationMessages(SubcommandCommon.java:443)
                      com.semmle.cli2.picocli.SimpleJsonSubcommand.executeInsistingOnJSON(SimpleJsonSubcommand.java:110)
                      com.semmle.cli2.picocli.PlumbingRunner.call(PlumbingRunner.java:61)
                      com.semmle.cli2.picocli.SubcommandCommon.callPlumbingInProcess(SubcommandCommon.java:169)
                      com.semmle.cli2.execute.ExecuteQueriesCommand.executeSubcommand(ExecuteQueriesCommand.java:428)
                      com.semmle.cli2.picocli.SubcommandCommon.lambda$executeSubcommandWithMessages$5(SubcommandCommon.java:893)
                      com.semmle.cli2.picocli.SubcommandCommon.withCompilationMessages(SubcommandCommon.java:443)
                      com.semmle.cli2.picocli.SubcommandCommon.executeSubcommandWithMessages(SubcommandCommon.java:891)
                      com.semmle.cli2.picocli.SubcommandCommon.toplevelMain(SubcommandCommon.java:775)
                      com.semmle.cli2.picocli.SubcommandCommon.call(SubcommandCommon.java:756)
                      com.semmle.cli2.picocli.SubcommandMaker.runMain(SubcommandMaker.java:238)
                      com.semmle.cli2.picocli.SubcommandMaker.runMain(SubcommandMaker.java:259)
                      com.semmle.cli2.CodeQL.main(CodeQL.java:115)
